#
# A fatal error has been detected by the Java Runtime Environment:
#
#  EXCEPTION_STACK_OVERFLOW (0xc00000fd) at pc=0x000000006f8e3727, pid=10640, tid=0x000000000000121c
#
# JRE version: Java(TM) SE Runtime Environment (8.0_112-b15) (build 1.8.0_112-b15)
# Java VM: Java HotSpot(TM) 64-Bit Server VM (25.112-b15 mixed mode windows-amd64 compressed oops)
# Problematic frame:
# V  [jvm.dll+0x213727]
#
# Failed to write core dump. Minidumps are not enabled by default on client versions of Windows
#
# If you would like to submit a bug report, please visit:
#   http://bugreport.java.com/bugreport/crash.jsp
#

---------------  T H R E A D  ---------------

Current thread (0x000000001c5da800):  JavaThread "DiscoveryClient-0" daemon [_thread_in_vm, id=4636, stack(0x000000001eeb0000,0x000000001efb0000)]

siginfo: ExceptionCode=0xc00000fd, ExceptionInformation=0x0000000000000001 0x000000001efab3a0 

Registers:
RAX=0x000000001efab3a0, RBX=0x0000000000000005, RCX=0x0000000000004000, RDX=0x0000000000000006
RSP=0x000000001efaf3a0, RBP=0x0000000000000000, RSI=0x000000001efaf3a0, RDI=0x0000000000000005
R8 =0x0000000000000006, R9 =0x000000001c5a9430, R10=0x0000000017d4d4b8, R11=0x000000001eeba148
R12=0x000000001c5a9430, R13=0x000000001c5da800, R14=0x000000001efaf468, R15=0x0000000017d4d4b8
RIP=0x000000006f8e3727, EFLAGS=0x0000000000010206

Top of Stack: (sp=0x000000001efaf3a0)
0x000000001efaf3a0:   000000001c2601d0 0000000062ba4e7e
0x000000001efaf3b0:   000000001c5da800 000000001c5a9430
0x000000001efaf3c0:   00000000ffffffff 000000006f8e4657
0x000000001efaf3d0:   000000001efaf4d0 0000000017d4d4b8
0x000000001efaf3e0:   000000001c5da800 000000006f7905b3
0x000000001efaf3f0:   000000001efaf430 000000001c5da800
0x000000001efaf400:   000000001efaf4c0 000000001c5da800
0x000000001efaf410:   0000000017d4d4b8 000000001c5da800
0x000000001efaf420:   00000000027d3200 000000001c5da800
0x000000001efaf430:   0000000017d4d4b8 000000001c5da800
0x000000001efaf440:   0000000017d4d4b8 000000001c5da800
0x000000001efaf450:   0000000000000001 0000000017d4d4b8
0x000000001efaf460:   000000001c5da800 000000001c5b9820
0x000000001efaf470:   000000001c5da800 000000006f791a9d
0x000000001efaf480:   000000001efaf788 00000007c00069a0
0x000000001efaf490:   00000007c00069a0 0000000000000000 

Instructions: (pc=0x000000006f8e3727)
0x000000006f8e3707:   48 89 6c 24 30 33 ed 66 90 e8 fb 3b 08 00 ff c3
0x000000006f8e3717:   48 63 c8 48 8b c6 48 0f af cf 48 ff c7 48 2b c1
0x000000006f8e3727:   89 28 48 63 c3 48 3b 05 a5 0f 59 00 7e db 48 8b
0x000000006f8e3737:   6c 24 30 48 8b 5c 24 38 48 8b 74 24 40 48 83 c4 


Register to memory mapping:

RAX=0x000000001efab3a0 is pointing into the stack for thread: 0x000000001c5da800
RBX=0x0000000000000005 is an unknown value
RCX=0x0000000000004000 is an unknown value
RDX=0x0000000000000006 is an unknown value
RSP=0x000000001efaf3a0 is pointing into the stack for thread: 0x000000001c5da800
RBP=0x0000000000000000 is an unknown value
RSI=0x000000001efaf3a0 is pointing into the stack for thread: 0x000000001c5da800
RDI=0x0000000000000005 is an unknown value
R8 =0x0000000000000006 is an unknown value
R9 =0x000000001c5a9430 is an unknown value
R10={method} {0x0000000017d4d4c0} 'run' '()V' in 'java/lang/Thread'
R11=0x000000001eeba148 is pointing into the stack for thread: 0x000000001c5da800
R12=0x000000001c5a9430 is an unknown value
R13=0x000000001c5da800 is a thread
R14=0x000000001efaf468 is pointing into the stack for thread: 0x000000001c5da800
R15={method} {0x0000000017d4d4c0} 'run' '()V' in 'java/lang/Thread'


Stack: [0x000000001eeb0000,0x000000001efb0000],  sp=0x000000001efaf3a0,  free space=1020k
Native frames: (J=compiled Java code, j=interpreted, Vv=VM code, C=native code)


---------------  P R O C E S S  ---------------

Java Threads: ( => current thread )
=>0x000000001c5da800 JavaThread "DiscoveryClient-0" daemon [_thread_in_vm, id=4636, stack(0x000000001eeb0000,0x000000001efb0000)]
  0x000000001c5da000 JavaThread "AsyncResolver-bootstrap-0" daemon [_thread_blocked, id=5108, stack(0x000000001eba0000,0x000000001eca0000)]
  0x000000001c5d9000 JavaThread "Eureka-JerseyClient-Conn-Cleaner2" daemon [_thread_blocked, id=8020, stack(0x000000001e910000,0x000000001ea10000)]
  0x000000001c5d8800 JavaThread "Eureka-JerseyClient-Conn-Cleaner2" daemon [_thread_blocked, id=11428, stack(0x000000001e7d0000,0x000000001e8d0000)]
  0x000000001a85c000 JavaThread "RxIoScheduler-1 (Evictor)" daemon [_thread_blocked, id=10692, stack(0x000000001e0d0000,0x000000001e1d0000)]
  0x000000001c329000 JavaThread "container-0" [_thread_blocked, id=1624, stack(0x000000001dd70000,0x000000001de70000)]
  0x000000001c328000 JavaThread "ContainerBackgroundProcessor[StandardEngine[Tomcat]]" daemon [_thread_blocked, id=9068, stack(0x000000001df40000,0x000000001e040000)]
  0x000000001c2c1000 JavaThread "SimpleHostRoutingFilter.connectionManagerTimer" daemon [_thread_blocked, id=9484, stack(0x000000001da70000,0x000000001db70000)]
  0x000000001c23b800 JavaThread "spring.cloud.inetutils" daemon [_thread_blocked, id=1580, stack(0x000000001d6c0000,0x000000001d7c0000)]
  0x000000001c135000 JavaThread "localhost-startStop-1" daemon [_thread_blocked, id=10376, stack(0x000000001d4e0000,0x000000001d5e0000)]
  0x000000001c18b800 JavaThread "Tomcat-startStop-1" daemon [_thread_blocked, id=3828, stack(0x000000001d330000,0x000000001d430000)]
  0x000000001a84e800 JavaThread "RMI TCP Accept-0" daemon [_thread_in_native, id=2620, stack(0x000000001a320000,0x000000001a420000)]
  0x000000001a7f9000 JavaThread "RMI TCP Accept-65107" daemon [_thread_in_native, id=5860, stack(0x000000001ade0000,0x000000001aee0000)]
  0x000000001a7ee000 JavaThread "RMI TCP Accept-0" daemon [_thread_in_native, id=3540, stack(0x000000001ac40000,0x000000001ad40000)]
  0x00000000197ce000 JavaThread "Service Thread" daemon [_thread_blocked, id=2944, stack(0x0000000019db0000,0x0000000019eb0000)]
  0x000000001871e800 JavaThread "C1 CompilerThread1" daemon [_thread_blocked, id=4084, stack(0x0000000019c30000,0x0000000019d30000)]
  0x00000000186e9000 JavaThread "C2 CompilerThread0" daemon [_thread_blocked, id=8056, stack(0x0000000019150000,0x0000000019250000)]
  0x00000000186d3000 JavaThread "Attach Listener" daemon [_thread_blocked, id=4508, stack(0x00000000196b0000,0x00000000197b0000)]
  0x00000000186bc800 JavaThread "Signal Dispatcher" daemon [_thread_blocked, id=9148, stack(0x0000000019480000,0x0000000019580000)]
  0x00000000186a6800 JavaThread "Finalizer" daemon [_thread_blocked, id=11280, stack(0x0000000019250000,0x0000000019350000)]
  0x000000001865d000 JavaThread "Reference Handler" daemon [_thread_blocked, id=9452, stack(0x0000000019050000,0x0000000019150000)]
  0x0000000002487800 JavaThread "main" [_thread_blocked, id=8052, stack(0x00000000026c0000,0x00000000027c0000)]

Other Threads:
  0x0000000018655000 VMThread [stack: 0x0000000018f50000,0x0000000019050000] [id=9396]
  0x000000001a853000 WatcherThread [stack: 0x000000001aef0000,0x000000001aff0000] [id=10288]

VM state:synchronizing (normal execution)

VM Mutex/Monitor currently owned by a thread:  ([mutex/lock_event])
[0x0000000002485bf0] Threads_lock - owner thread: 0x0000000018655000

Heap:
 PSYoungGen      total 275968K, used 4698K [0x000000078b100000, 0x000000079de80000, 0x00000007c0000000)
  eden space 250368K, 1% used [0x000000078b100000,0x000000078b596b78,0x000000079a580000)
  from space 25600K, 0% used [0x000000079a580000,0x000000079a580000,0x000000079be80000)
  to   space 23552K, 0% used [0x000000079be80000,0x000000079be80000,0x000000079d580000)
 ParOldGen       total 116736K, used 41031K [0x0000000721200000, 0x0000000728400000, 0x000000078b100000)
  object space 116736K, 35% used [0x0000000721200000,0x0000000723a11dc0,0x0000000728400000)
 Metaspace       used 41256K, capacity 42026K, committed 42328K, reserved 1085440K
  class space    used 5474K, capacity 5657K, committed 5760K, reserved 1048576K

Card table byte_map: [0x0000000011b80000,0x0000000012080000] byte_map_base: 0x000000000e277000

Marking Bits: (ParMarkBitMap*) 0x000000006feea6d0
 Begin Bits: [0x00000000128b0000, 0x0000000015068000)
 End Bits:   [0x0000000015068000, 0x0000000017820000)

Polling page: 0x0000000000150000

CodeCache: size=245760Kb used=9644Kb max_used=9644Kb free=236115Kb
 bounds [0x00000000027c0000, 0x0000000003130000, 0x00000000117c0000]
 total_blobs=4990 nmethods=4526 adapters=377
 compilation: enabled

Compilation events (10 events):
Event: 9.676 Thread 0x000000001871e800 4559       1       org.apache.http.util.Args::notNull (33 bytes)
Event: 9.676 Thread 0x000000001871e800 nmethod 4559 0x000000000312aa10 code [0x000000000312aba0, 0x000000000312af38]
Event: 9.704 Thread 0x000000001871e800 4561       1       java.lang.StackTraceElement::getClassName (5 bytes)
Event: 9.704 Thread 0x000000001871e800 nmethod 4561 0x000000000312b510 code [0x000000000312b660, 0x000000000312b770]
Event: 9.709 Thread 0x000000001871e800 4562       1       java.util.Currency::getCurrencyCode (5 bytes)
Event: 9.709 Thread 0x000000001871e800 nmethod 4562 0x000000000312b7d0 code [0x000000000312b920, 0x000000000312ba30]
Event: 9.709 Thread 0x000000001871e800 4563       1       java.text.DontCareFieldPosition::getFieldDelegate (5 bytes)
Event: 9.709 Thread 0x000000001871e800 nmethod 4563 0x000000000312ba90 code [0x000000000312bbe0, 0x000000000312bcf0]
Event: 9.710 Thread 0x000000001871e800 4564       1       java.util.concurrent.atomic.AtomicInteger::<init> (10 bytes)
Event: 9.710 Thread 0x000000001871e800 nmethod 4564 0x000000000312bd50 code [0x000000000312bea0, 0x000000000312bfb0]

GC Heap History (10 events):
Event: 7.066 GC heap before
{Heap before GC invocations=12 (full 1):
 PSYoungGen      total 273920K, used 73726K [0x000000078b100000, 0x000000079de80000, 0x00000007c0000000)
  eden space 250368K, 21% used [0x000000078b100000,0x000000078e46e388,0x000000079a580000)
  from space 23552K, 89% used [0x000000079be80000,0x000000079d311828,0x000000079d580000)
  to   space 25600K, 0% used [0x000000079a580000,0x000000079a580000,0x000000079be80000)
 ParOldGen       total 68608K, used 31538K [0x0000000721200000, 0x0000000725500000, 0x000000078b100000)
  object space 68608K, 45% used [0x0000000721200000,0x00000007230cca80,0x0000000725500000)
 Metaspace       used 34737K, capacity 35278K, committed 35416K, reserved 1079296K
  class space    used 4549K, capacity 4719K, committed 4736K, reserved 1048576K
Event: 7.084 GC heap after
Heap after GC invocations=12 (full 1):
 PSYoungGen      total 275968K, used 9015K [0x000000078b100000, 0x000000079de80000, 0x00000007c0000000)
  eden space 250368K, 0% used [0x000000078b100000,0x000000078b100000,0x000000079a580000)
  from space 25600K, 35% used [0x000000079a580000,0x000000079ae4dfa0,0x000000079be80000)
  to   space 23552K, 0% used [0x000000079be80000,0x000000079be80000,0x000000079d580000)
 ParOldGen       total 68608K, used 37943K [0x0000000721200000, 0x0000000725500000, 0x000000078b100000)
  object space 68608K, 55% used [0x0000000721200000,0x000000072370dd28,0x0000000725500000)
 Metaspace       used 34737K, capacity 35278K, committed 35416K, reserved 1079296K
  class space    used 4549K, capacity 4719K, committed 4736K, reserved 1048576K
}
Event: 7.084 GC heap before
{Heap before GC invocations=13 (full 2):
 PSYoungGen      total 275968K, used 9015K [0x000000078b100000, 0x000000079de80000, 0x00000007c0000000)
  eden space 250368K, 0% used [0x000000078b100000,0x000000078b100000,0x000000079a580000)
  from space 25600K, 35% used [0x000000079a580000,0x000000079ae4dfa0,0x000000079be80000)
  to   space 23552K, 0% used [0x000000079be80000,0x000000079be80000,0x000000079d580000)
 ParOldGen       total 68608K, used 37943K [0x0000000721200000, 0x0000000725500000, 0x000000078b100000)
  object space 68608K, 55% used [0x0000000721200000,0x000000072370dd28,0x0000000725500000)
 Metaspace       used 34737K, capacity 35278K, committed 35416K, reserved 1079296K
  class space    used 4549K, capacity 4719K, committed 4736K, reserved 1048576K
Event: 7.199 GC heap after
Heap after GC invocations=13 (full 2):
 PSYoungGen      total 275968K, used 0K [0x000000078b100000, 0x000000079de80000, 0x00000007c0000000)
  eden space 250368K, 0% used [0x000000078b100000,0x000000078b100000,0x000000079a580000)
  from space 25600K, 0% used [0x000000079a580000,0x000000079a580000,0x000000079be80000)
  to   space 23552K, 0% used [0x000000079be80000,0x000000079be80000,0x000000079d580000)
 ParOldGen       total 116736K, used 28401K [0x0000000721200000, 0x0000000728400000, 0x000000078b100000)
  object space 116736K, 24% used [0x0000000721200000,0x0000000722dbc618,0x0000000728400000)
 Metaspace       used 34737K, capacity 35278K, committed 35416K, reserved 1079296K
  class space    used 4549K, capacity 4719K, committed 4736K, reserved 1048576K
}
Event: 8.498 GC heap before
{Heap before GC invocations=14 (full 2):
 PSYoungGen      total 275968K, used 250368K [0x000000078b100000, 0x000000079de80000, 0x00000007c0000000)
  eden space 250368K, 100% used [0x000000078b100000,0x000000079a580000,0x000000079a580000)
  from space 25600K, 0% used [0x000000079a580000,0x000000079a580000,0x000000079be80000)
  to   space 23552K, 0% used [0x000000079be80000,0x000000079be80000,0x000000079d580000)
 ParOldGen       total 116736K, used 28401K [0x0000000721200000, 0x0000000728400000, 0x000000078b100000)
  object space 116736K, 24% used [0x0000000721200000,0x0000000722dbc618,0x0000000728400000)
 Metaspace       used 36508K, capacity 37210K, committed 37464K, reserved 1081344K
  class space    used 4784K, capacity 4945K, committed 4992K, reserved 1048576K
Event: 8.524 GC heap after
Heap after GC invocations=14 (full 2):
 PSYoungGen      total 273920K, used 19230K [0x000000078b100000, 0x000000079de80000, 0x00000007c0000000)
  eden space 250368K, 0% used [0x000000078b100000,0x000000078b100000,0x000000079a580000)
  from space 23552K, 81% used [0x000000079be80000,0x000000079d147878,0x000000079d580000)
  to   space 25600K, 0% used [0x000000079a580000,0x000000079a580000,0x000000079be80000)
 ParOldGen       total 116736K, used 28409K [0x0000000721200000, 0x0000000728400000, 0x000000078b100000)
  object space 116736K, 24% used [0x0000000721200000,0x0000000722dbe618,0x0000000728400000)
 Metaspace       used 36508K, capacity 37210K, committed 37464K, reserved 1081344K
  class space    used 4784K, capacity 4945K, committed 4992K, reserved 1048576K
}
Event: 9.711 GC heap before
{Heap before GC invocations=15 (full 2):
 PSYoungGen      total 273920K, used 198797K [0x000000078b100000, 0x000000079de80000, 0x00000007c0000000)
  eden space 250368K, 71% used [0x000000078b100000,0x000000079605be00,0x000000079a580000)
  from space 23552K, 81% used [0x000000079be80000,0x000000079d147878,0x000000079d580000)
  to   space 25600K, 0% used [0x000000079a580000,0x000000079a580000,0x000000079be80000)
 ParOldGen       total 116736K, used 28409K [0x0000000721200000, 0x0000000728400000, 0x000000078b100000)
  object space 116736K, 24% used [0x0000000721200000,0x0000000722dbe618,0x0000000728400000)
 Metaspace       used 41254K, capacity 41994K, committed 42200K, reserved 1085440K
  class space    used 5473K, capacity 5625K, committed 5632K, reserved 1048576K
Event: 9.740 GC heap after
Heap after GC invocations=15 (full 2):
 PSYoungGen      total 275968K, used 12086K [0x000000078b100000, 0x000000079de80000, 0x00000007c0000000)
  eden space 250368K, 0% used [0x000000078b100000,0x000000078b100000,0x000000079a580000)
  from space 25600K, 47% used [0x000000079a580000,0x000000079b14dab8,0x000000079be80000)
  to   space 23552K, 0% used [0x000000079be80000,0x000000079be80000,0x000000079d580000)
 ParOldGen       total 116736K, used 32249K [0x0000000721200000, 0x0000000728400000, 0x000000078b100000)
  object space 116736K, 27% used [0x0000000721200000,0x000000072317e4c8,0x0000000728400000)
 Metaspace       used 41254K, capacity 41994K, committed 42200K, reserved 1085440K
  class space    used 5473K, capacity 5625K, committed 5632K, reserved 1048576K
}
Event: 9.740 GC heap before
{Heap before GC invocations=16 (full 3):
 PSYoungGen      total 275968K, used 12086K [0x000000078b100000, 0x000000079de80000, 0x00000007c0000000)
  eden space 250368K, 0% used [0x000000078b100000,0x000000078b100000,0x000000079a580000)
  from space 25600K, 47% used [0x000000079a580000,0x000000079b14dab8,0x000000079be80000)
  to   space 23552K, 0% used [0x000000079be80000,0x000000079be80000,0x000000079d580000)
 ParOldGen       total 116736K, used 32249K [0x0000000721200000, 0x0000000728400000, 0x000000078b100000)
  object space 116736K, 27% used [0x0000000721200000,0x000000072317e4c8,0x0000000728400000)
 Metaspace       used 41254K, capacity 41994K, committed 42200K, reserved 1085440K
  class space    used 5473K, capacity 5625K, committed 5632K, reserved 1048576K
Event: 9.951 GC heap after
Heap after GC invocations=16 (full 3):
 PSYoungGen      total 275968K, used 0K [0x000000078b100000, 0x000000079de80000, 0x00000007c0000000)
  eden space 250368K, 0% used [0x000000078b100000,0x000000078b100000,0x000000079a580000)
  from space 25600K, 0% used [0x000000079a580000,0x000000079a580000,0x000000079be80000)
  to   space 23552K, 0% used [0x000000079be80000,0x000000079be80000,0x000000079d580000)
 ParOldGen       total 116736K, used 41031K [0x0000000721200000, 0x0000000728400000, 0x000000078b100000)
  object space 116736K, 35% used [0x0000000721200000,0x0000000723a11dc0,0x0000000728400000)
 Metaspace       used 41254K, capacity 41994K, committed 42200K, reserved 1085440K
  class space    used 5473K, capacity 5625K, committed 5632K, reserved 1048576K
}

Deoptimization events (0 events):
No events

Internal exceptions (10 events):
Event: 9.470 Thread 0x0000000002487800 Exception <a 'java/lang/ArrayIndexOutOfBoundsException'> (0x000000079534b928) thrown at [C:\re\workspace\8-2-build-windows-amd64-cygwin\jdk8u112\7884\hotspot\src\share\vm\runtime\sharedRuntime.cpp, line 605]
Event: 9.470 Thread 0x0000000002487800 Exception <a 'java/lang/ArrayIndexOutOfBoundsException'> (0x00000007953533e0) thrown at [C:\re\workspace\8-2-build-windows-amd64-cygwin\jdk8u112\7884\hotspot\src\share\vm\runtime\sharedRuntime.cpp, line 605]
Event: 9.470 Thread 0x0000000002487800 Exception <a 'java/lang/ArrayIndexOutOfBoundsException'> (0x0000000795356460) thrown at [C:\re\workspace\8-2-build-windows-amd64-cygwin\jdk8u112\7884\hotspot\src\share\vm\runtime\sharedRuntime.cpp, line 605]
Event: 9.470 Thread 0x0000000002487800 Exception <a 'java/lang/ArrayIndexOutOfBoundsException'> (0x000000079536f4a0) thrown at [C:\re\workspace\8-2-build-windows-amd64-cygwin\jdk8u112\7884\hotspot\src\share\vm\runtime\sharedRuntime.cpp, line 605]
Event: 9.470 Thread 0x0000000002487800 Exception <a 'java/lang/ArrayIndexOutOfBoundsException'> (0x0000000795372390) thrown at [C:\re\workspace\8-2-build-windows-amd64-cygwin\jdk8u112\7884\hotspot\src\share\vm\runtime\sharedRuntime.cpp, line 605]
Event: 9.471 Thread 0x0000000002487800 Exception <a 'java/lang/ArrayIndexOutOfBoundsException'> (0x000000079539bf00) thrown at [C:\re\workspace\8-2-build-windows-amd64-cygwin\jdk8u112\7884\hotspot\src\share\vm\runtime\sharedRuntime.cpp, line 605]
Event: 9.471 Thread 0x0000000002487800 Exception <a 'java/lang/ArrayIndexOutOfBoundsException'> (0x000000079539edb8) thrown at [C:\re\workspace\8-2-build-windows-amd64-cygwin\jdk8u112\7884\hotspot\src\share\vm\runtime\sharedRuntime.cpp, line 605]
Event: 9.697 Thread 0x0000000002487800 Exception <a 'java/lang/OutOfMemoryError'> (0x0000000795eede40) thrown at [C:\re\workspace\8-2-build-windows-amd64-cygwin\jdk8u112\7884\hotspot\src\share\vm\prims\jni.cpp, line 735]
Event: 9.710 Thread 0x0000000002487800 Exception <a 'java/lang/OutOfMemoryError': unable to create new native thread> (0x0000000796028608) thrown at [C:\re\workspace\8-2-build-windows-amd64-cygwin\jdk8u112\7884\hotspot\src\share\vm\prims\jvm.cpp, line 3033]
Event: 9.710 Thread 0x0000000002487800 Exception <a 'java/lang/reflect/InvocationTargetException'> (0x0000000796028df0) thrown at [C:\re\workspace\8-2-build-windows-amd64-cygwin\jdk8u112\7884\hotspot\src\share\vm\runtime\reflection.cpp, line 1092]

Events (10 events):
Event: 9.708 loading class com/netflix/discovery/DiscoveryClient$CacheRefreshThread
Event: 9.708 loading class com/netflix/discovery/DiscoveryClient$CacheRefreshThread done
Event: 9.709 Thread 0x000000001c5da800 Thread added: 0x000000001c5da800
Event: 9.709 loading class com/netflix/discovery/DiscoveryClient$HeartbeatThread
Event: 9.709 loading class com/netflix/discovery/DiscoveryClient$HeartbeatThread done
Event: 9.710 loading class org/springframework/beans/BeanInstantiationException
Event: 9.710 loading class org/springframework/beans/BeanInstantiationException done
Event: 9.711 Executing VM operation: CollectForMetadataAllocation
Event: 9.952 Executing VM operation: CollectForMetadataAllocation done
Event: 9.953 Executing VM operation: RevokeBias


Dynamic libraries:
0x000000013ffd0000 - 0x0000000140007000 	C:\Program Files\Java\jdk1.8.0_112\bin\javaw.exe
0x0000000077c70000 - 0x0000000077e0f000 	C:\Windows\SYSTEM32\ntdll.dll
0x0000000077a50000 - 0x0000000077b6f000 	C:\Windows\system32\kernel32.dll
0x000007fefd9e0000 - 0x000007fefda4a000 	C:\Windows\system32\KERNELBASE.dll
0x000007feffe60000 - 0x000007fefff3b000 	C:\Windows\system32\ADVAPI32.dll
0x000007feff6f0000 - 0x000007feff78f000 	C:\Windows\system32\msvcrt.dll
0x000007feff0e0000 - 0x000007feff0ff000 	C:\Windows\SYSTEM32\sechost.dll
0x000007feff4d0000 - 0x000007feff5fd000 	C:\Windows\system32\RPCRT4.dll
0x0000000077b70000 - 0x0000000077c6a000 	C:\Windows\system32\USER32.dll
0x000007feff680000 - 0x000007feff6e7000 	C:\Windows\system32\GDI32.dll
0x000007fefe0a0000 - 0x000007fefe0ae000 	C:\Windows\system32\LPK.dll
0x000007fefdfd0000 - 0x000007fefe09b000 	C:\Windows\system32\USP10.dll
0x000007fefc4f0000 - 0x000007fefc6e4000 	C:\Windows\WinSxS\amd64_microsoft.windows.common-controls_6595b64144ccf1df_6.0.7601.18837_none_fa3b1e3d17594757\COMCTL32.dll
0x000007fefe150000 - 0x000007fefe1c1000 	C:\Windows\system32\SHLWAPI.dll
0x000007feff340000 - 0x000007feff36e000 	C:\Windows\system32\IMM32.DLL
0x000007feff3c0000 - 0x000007feff4c9000 	C:\Windows\system32\MSCTF.dll
0x0000000062b50000 - 0x0000000062c22000 	C:\Program Files\Java\jdk1.8.0_112\jre\bin\msvcr100.dll
0x000000006f6d0000 - 0x000000006ff6a000 	C:\Program Files\Java\jdk1.8.0_112\jre\bin\server\jvm.dll
0x000007fef74b0000 - 0x000007fef74b9000 	C:\Windows\system32\WSOCK32.dll
0x000007feff370000 - 0x000007feff3bd000 	C:\Windows\system32\WS2_32.dll
0x000007feff790000 - 0x000007feff798000 	C:\Windows\system32\NSI.dll
0x000007fefb5d0000 - 0x000007fefb60b000 	C:\Windows\system32\WINMM.dll
0x000007fefca10000 - 0x000007fefca1c000 	C:\Windows\system32\VERSION.dll
0x0000000077e10000 - 0x0000000077e17000 	C:\Windows\system32\PSAPI.DLL
0x000000006b930000 - 0x000000006b93f000 	C:\Program Files\Java\jdk1.8.0_112\jre\bin\verify.dll
0x0000000069950000 - 0x0000000069979000 	C:\Program Files\Java\jdk1.8.0_112\jre\bin\java.dll
0x00000000687b0000 - 0x00000000687c6000 	C:\Program Files\Java\jdk1.8.0_112\jre\bin\zip.dll
0x000007fefe1d0000 - 0x000007fefef5b000 	C:\Windows\system32\SHELL32.dll
0x000007feff7a0000 - 0x000007feff99d000 	C:\Windows\system32\ole32.dll
0x000007fefd940000 - 0x000007fefd94f000 	C:\Windows\system32\profapi.dll
0x000000006b7a0000 - 0x000000006b7ad000 	C:\Program Files\Java\jdk1.8.0_112\jre\bin\management.dll
0x0000000068530000 - 0x000000006854a000 	C:\Program Files\Java\jdk1.8.0_112\jre\bin\net.dll
0x000007fefd0d0000 - 0x000007fefd125000 	C:\Windows\system32\mswsock.dll
0x000007fefd0c0000 - 0x000007fefd0c7000 	C:\Windows\System32\wship6.dll
0x00000000681a0000 - 0x00000000681b1000 	C:\Program Files\Java\jdk1.8.0_112\jre\bin\nio.dll
0x000007fefb470000 - 0x000007fefb485000 	C:\Windows\system32\NLAapi.dll
0x000007fef6db0000 - 0x000007fef6dc5000 	C:\Windows\system32\napinsp.dll
0x000007fef6dd0000 - 0x000007fef6de9000 	C:\Windows\system32\pnrpnsp.dll
0x000007fefcf50000 - 0x000007fefcfab000 	C:\Windows\system32\DNSAPI.dll
0x000007fef6c50000 - 0x000007fef6c5b000 	C:\Windows\System32\winrnr.dll
0x0000000075270000 - 0x0000000075296000 	C:\Program Files\Bonjour\mdnsNSP.dll
0x000007fefb050000 - 0x000007fefb077000 	C:\Windows\system32\Iphlpapi.DLL
0x000007fefb040000 - 0x000007fefb04b000 	C:\Windows\system32\WINNSI.DLL
0x000007fefcae0000 - 0x000007fefcae7000 	C:\Windows\System32\wshtcpip.dll
0x000007fefa870000 - 0x000007fefa878000 	C:\Windows\system32\rasadhlp.dll
0x000007fefaf00000 - 0x000007fefaf53000 	C:\Windows\System32\fwpuclnt.dll
0x000007fefd130000 - 0x000007fefd148000 	C:\Windows\system32\CRYPTSP.dll
0x000007fefce30000 - 0x000007fefce77000 	C:\Windows\system32\rsaenh.dll
0x000007fefd960000 - 0x000007fefd97e000 	C:\Windows\system32\USERENV.dll
0x000007fefd7e0000 - 0x000007fefd7ef000 	C:\Windows\system32\CRYPTBASE.dll
0x000007fefaed0000 - 0x000007fefaee1000 	C:\Windows\system32\dhcpcsvc6.DLL
0x000007fefae50000 - 0x000007fefae68000 	C:\Windows\system32\dhcpcsvc.DLL
0x0000000067f30000 - 0x0000000067f54000 	C:\Program Files\Java\jdk1.8.0_112\jre\bin\sunec.dll

VM Arguments:
jvm_args: -Dcom.sun.management.jmxremote -Dcom.sun.management.jmxremote.port=65107 -Dcom.sun.management.jmxremote.authenticate=false -Dcom.sun.management.jmxremote.ssl=false -Djava.rmi.server.hostname=localhost -Dspring.liveBeansView.mbeanDomain -Dspring.application.admin.enabled=true -Xverify:none -XX:TieredStopAtLevel=1 -Dfile.encoding=UTF-8 
java_command: org.learning.spring.cloud.zuul.Application
java_class_path (initial): C:\Program Files\Java\jdk1.8.0_112\jre\lib\resources.jar;C:\Program Files\Java\jdk1.8.0_112\jre\lib\rt.jar;C:\Program Files\Java\jdk1.8.0_112\jre\lib\jsse.jar;C:\Program Files\Java\jdk1.8.0_112\jre\lib\jce.jar;C:\Program Files\Java\jdk1.8.0_112\jre\lib\charsets.jar;C:\Program Files\Java\jdk1.8.0_112\jre\lib\jfr.jar;C:\Program Files\Java\jdk1.8.0_112\jre\lib\ext\access-bridge-64.jar;C:\Program Files\Java\jdk1.8.0_112\jre\lib\ext\cldrdata.jar;C:\Program Files\Java\jdk1.8.0_112\jre\lib\ext\dnsns.jar;C:\Program Files\Java\jdk1.8.0_112\jre\lib\ext\jaccess.jar;C:\Program Files\Java\jdk1.8.0_112\jre\lib\ext\jfxrt.jar;C:\Program Files\Java\jdk1.8.0_112\jre\lib\ext\localedata.jar;C:\Program Files\Java\jdk1.8.0_112\jre\lib\ext\nashorn.jar;C:\Program Files\Java\jdk1.8.0_112\jre\lib\ext\sunec.jar;C:\Program Files\Java\jdk1.8.0_112\jre\lib\ext\sunjce_provider.jar;C:\Program Files\Java\jdk1.8.0_112\jre\lib\ext\sunmscapi.jar;C:\Program Files\Java\jdk1.8.0_112\jre\lib\ext\sunpkcs11.jar;C:\Program Files\Java\jdk1.8.0_112\jre\lib\ext\zipfs.jar;D:\Project_Source\GitHub\learning_parent\learning-spring-cloud-zuul\target\classes;D:\apache-maven-3.0.4\.m2\repository\org\springframework\boot\spring-boot-starter-web\1.5.6.RELEASE\spring-boot-starter-web-1.5.6.RELEASE.jar;D:\apache-maven-3.0.4\.m2\repository\org\springframework\boot\spring-boot-starter\1.5.6.RELEASE\spring-boot-starter-1.5.6.RELEASE.jar;D:\apache-maven-3.0.4\.m2\repository\org\springframework\boot\spring-boot\1.5.6.RELEASE\spring-boot-1.5.6.RELEASE.jar;D:\apache-maven-3.0.4\.m2\repository\org\springframework\boot\spring-boot-autoconfigure\1.5.6.RELEASE\spring-boot-autoconfigure-1.5.6.RELEASE.jar;D:\apache-maven-3.0.4\.m2\repository\org\springframework\boot\spring-boot-starter-logging\1.5.6.RELEASE\spring-boot-starter-logging-1.5.6.RELEASE.jar;D:\apache-maven-3.0.4\.m2\repository\ch\qos\logback\logback-classic\1.1.11\logback-classic-1.1.11.jar;D:\apache-maven-3.0.4\.m2\repository\ch\qos\logback\lo
Launcher Type: SUN_STANDARD

Environment Variables:
JAVA_HOME=C:\Program Files\Java\jdk1.8.0_112
CLASSPATH=.;C:\Program Files\Java\jdk1.8.0_112\lib\dt.jar;C:\Program Files\Java\jdk1.8.0_112\lib\tools.jar;
PATH=C:/Program Files/Java/jre1.8.0_171/bin/server;C:/Program Files/Java/jre1.8.0_171/bin;C:/Program Files/Java/jre1.8.0_171/lib/amd64;C:\Program Files (x86)\Common Files\Oracle\Java\javapath;C:\Program Files\Java\jdk1.8.0_112\bin;C:\Program Files\Java\jdk1.8.0_112\jre\bin;C:\ProgramData\Oracle\Java\javapath;C:\Program Files (x86)\Common Files\NetSarang;D:\app\summer.xiasz\product\11.2.0\dbhome_1\bin;C:\Program Files (x86)\Intel\iCLS Client\;C:\Program Files\Intel\iCLS Client\;C:\Oracle\product\11.2.0\client_1\bin;C:\Windows\system32;C:\Windows;C:\Windows\System32\Wbem;C:\Windows\System32\WindowsPowerShell\v1.0\;C:\Program Files (x86)\Intel\OpenCL SDK\2.0\bin\x86;C:\Program Files (x86)\Intel\OpenCL SDK\2.0\bin\x64;C:\Program Files\Intel\Intel(R) Management Engine Components\DAL;C:\Program Files\Intel\Intel(R) Management Engine Components\IPT;C:\Program Files (x86)\Intel\Intel(R) Management Engine Components\DAL;C:\Program Files (x86)\Intel\Intel(R) Management Engine Components\IPT;C:\Program Files (x86)\Bitvise SSH Client;C:\Program Files\TortoiseSVN\bin;C:\MinGW\bin;D:\software\Java\Groovy\groovy-2.4.6\bin;C:\Program Files (x86)\Windows Kits\8.1\Windows Performance Toolkit\;C:\Windows\system32\config\systemprofile\.dnx\bin;C:\Program Files\Microsoft DNX\Dnvm\;C:\Program Files\Git\cmd;C:\Program Files\Microsoft SQL Server\130\Tools\Binn\;C:\OpenSSL-Win64\bin;C:\MinGW\bin;C:\MinGW\mingw32\bin;C:\MinGW\msys\1.0\bin;C:\MinGW\msys\1.0\sbin;C:\Program Files\nodejs\;D:\Java\apache-maven-3.0.4\bin\;C:\Python\Python36;C:\Go\bin;C:\Program Files (x86)\Microsoft VS Code\bin;C:\Users\summer.xiasz\AppData\Roaming\npm;C:\Users\summer.xiasz\AppData\Local\GitHubDesktop\bin;D:\Java\eclipse-jee-oxygen-R-win32-x86_64\eclipse;
USERNAME=summer.xiasz
OS=Windows_NT
PROCESSOR_IDENTIFIER=Intel64 Family 6 Model 60 Stepping 3, GenuineIntel



---------------  S Y S T E M  ---------------

OS: Windows 7 , 64 bit Build 7601 (6.1.7601.24117)

CPU:total 2 (2 cores per cpu, 1 threads per core) family 6 model 60 stepping 3, cmov, cx8, fxsr, mmx, sse, sse2, sse3, ssse3, sse4.1, sse4.2, popcnt, clmul, erms, lzcnt, tsc, tscinvbit

Memory: 4k page, physical 10406904k(1113492k free), swap 10405028k(3892k free)

vm_info: Java HotSpot(TM) 64-Bit Server VM (25.112-b15) for windows-amd64 JRE (1.8.0_112-b15), built on Sep 22 2016 21:31:56 by "java_re" with MS VC++ 10.0 (VS2010)

time: Thu May 31 18:06:43 2018
elapsed time: 9 seconds (0d 0h 0m 9s)

